Mar 16, 2017 11:02:54 AM org.apache.catalina.startup.Catalina initDirs
SEVERE: Cannot find specified temporary folder at D:\SM_Microservices\Docker\swifttomcat1\swifttomcat\mss-3.0.564-apache-tomcat-7.0.50\temp
Mar 16, 2017 11:02:54 AM org.apache.catalina.core.AprLifecycleListener init
INFO: The APR based Apache Tomcat Native library which allows optimal performance in production environments was not found on the java.library.path: C:\Program Files (x86)\Java\jdk1.7.0_21\bin;C:\Windows\Sun\Java\bin;C:\Windows\system32;C:\Windows;C:\Program Files (x86)\Intel\iCLS Client\;C:\Program Files\Intel\iCLS Client\;C:\ProgramData\Oracle\Java\javapath;C:\Windows\system32;C:\Windows;C:\Windows\System32\Wbem;C:\Windows\System32\WindowsPowerShell\v1.0\;C:\Program Files\Intel\WiFi\bin\;C:\Program Files\Common Files\Intel\WirelessCommon\;C:\Program Files\Intel\Intel(R) Management Engine Components\DAL;C:\Program Files (x86)\Intel\Intel(R) Management Engine Components\DAL;C:\Program Files\Intel\Intel(R) Management Engine Components\IPT;C:\Program Files (x86)\Intel\Intel(R) Management Engine Components\IPT;C:\Program Files\nodejs\;.;C:\Python27\Tools\Scripts;.;D:\WebRTC-Deployment\nginx-1.4.3;.;C:\Python27;.;C:\Program Files (x86)\Skype\Phone\;C:\Program Files\TortoiseSVN\bin;C:\Program Files\WIDCOMM\Bluetooth Software\;C:\Program Files\WIDCOMM\Bluetooth Software\syswow64;C:\OpenSSL-Win32\bin;C:\Program Files\Git\cmd;C:\Users\gireesh_sk\AppData\Roaming\npm;C:\Program Files (x86)\Java\jdk1.7.0_21\bin;;C:\Program Files (x86)\Microsoft VS Code\bin;C:\Pro;C:\Users\gireesh_sk\AppData\Roaming\npm;C:\Program Files (x86)\Java\jdk1.7.0_21\bin;;C:\Program Files (x86)\Microsoft VS Code\bin;C:\Program Files\Docker Toolbox;.
Mar 16, 2017 11:02:55 AM org.apache.coyote.AbstractProtocol init
INFO: Initializing ProtocolHandler ["http-bio-443"]
Mar 16, 2017 11:02:55 AM org.apache.coyote.AbstractProtocol init
INFO: Initializing ProtocolHandler ["http-bio-8443"]
Mar 16, 2017 11:02:55 AM org.apache.coyote.AbstractProtocol init
INFO: Initializing ProtocolHandler ["ajp-bio-8009"]
Mar 16, 2017 11:02:55 AM org.apache.catalina.startup.Catalina load
SEVERE: Catalina.start
org.apache.catalina.LifecycleException: Failed to initialize component [StandardServer[8005]]
	at org.apache.catalina.util.LifecycleBase.init(LifecycleBase.java:106)
	at org.apache.catalina.startup.Catalina.load(Catalina.java:639)
	at org.apache.catalina.startup.Catalina.load(Catalina.java:664)
	at sun.reflect.NativeMethodAccessorImpl.invoke0(Native Method)
	at sun.reflect.NativeMethodAccessorImpl.invoke(NativeMethodAccessorImpl.java:57)
	at sun.reflect.DelegatingMethodAccessorImpl.invoke(DelegatingMethodAccessorImpl.java:43)
	at java.lang.reflect.Method.invoke(Method.java:601)
	at org.apache.catalina.startup.Bootstrap.load(Bootstrap.java:281)
	at org.apache.catalina.startup.Bootstrap.main(Bootstrap.java:455)
Caused by: org.apache.catalina.LifecycleException: Failed to initialize component [StandardService[Sip-Servlets]]
	at org.apache.catalina.util.LifecycleBase.init(LifecycleBase.java:106)
	at org.apache.catalina.core.StandardServer.initInternal(StandardServer.java:814)
	at org.apache.catalina.util.LifecycleBase.init(LifecycleBase.java:102)
	... 8 more
Caused by: org.apache.catalina.LifecycleException: A problem occured while initializing the SIP Stack
	at org.mobicents.servlet.sip.catalina.SipStandardService.initSipStack(SipStandardService.java:574)
	at org.mobicents.servlet.sip.catalina.SipStandardService.initInternal(SipStandardService.java:265)
	at org.apache.catalina.util.LifecycleBase.init(LifecycleBase.java:102)
	... 10 more
Caused by: javax.sip.PeerUnavailableException: The Peer SIP Stack: org.mobicents.ha.balancing.only.javax.sip.SipStackImpl could not be instantiated. Ensure the Path Name has been set.
	at javax.sip.SipFactory.createStack(SipFactory.java:324)
	at javax.sip.SipFactory.createSipStack(SipFactory.java:152)
	at org.mobicents.servlet.sip.catalina.SipStandardService.initSipStack(SipStandardService.java:528)
	... 12 more
Caused by: java.lang.reflect.InvocationTargetException
	at sun.reflect.NativeConstructorAccessorImpl.newInstance0(Native Method)
	at sun.reflect.NativeConstructorAccessorImpl.newInstance(NativeConstructorAccessorImpl.java:57)
	at sun.reflect.DelegatingConstructorAccessorImpl.newInstance(DelegatingConstructorAccessorImpl.java:45)
	at java.lang.reflect.Constructor.newInstance(Constructor.java:525)
	at javax.sip.SipFactory.createStack(SipFactory.java:314)
	... 14 more
Caused by: javax.sip.PeerUnavailableException: Cannot initialize security manager provider
	at gov.nist.javax.sip.SipStackImpl.<init>(SipStackImpl.java:1168)
	at org.mobicents.ext.javax.sip.SipStackImpl.<init>(SipStackImpl.java:59)
	at org.mobicents.ha.javax.sip.ClusteredSipStackImpl.<init>(ClusteredSipStackImpl.java:81)
	at org.mobicents.ha.balancing.only.javax.sip.SipStackImpl.<init>(SipStackImpl.java:52)
	... 19 more
Caused by: java.io.FileNotFoundException: conf\mycert.p12 (The system cannot find the path specified)
	at java.io.FileInputStream.open(Native Method)
	at java.io.FileInputStream.<init>(FileInputStream.java:138)
	at gov.nist.core.net.DefaultSecurityManagerProvider.init(DefaultSecurityManagerProvider.java:88)
	at gov.nist.javax.sip.SipStackImpl.<init>(SipStackImpl.java:1164)
	... 22 more

Mar 16, 2017 11:02:55 AM org.apache.catalina.startup.Catalina load
INFO: Initialization processed in 952 ms
Mar 16, 2017 11:02:55 AM org.apache.coyote.AbstractProtocol pause
INFO: Pausing ProtocolHandler ["http-bio-443"]
Mar 16, 2017 11:02:55 AM org.apache.coyote.AbstractProtocol pause
INFO: Pausing ProtocolHandler ["http-bio-8443"]
Mar 16, 2017 11:02:55 AM org.apache.coyote.AbstractProtocol pause
INFO: Pausing ProtocolHandler ["ajp-bio-8009"]
Mar 16, 2017 11:02:55 AM org.apache.catalina.core.StandardService stopInternal
INFO: Stopping service Sip-Servlets
Mar 16, 2017 11:02:55 AM org.apache.catalina.startup.Catalina start
SEVERE: The required Server component failed to start so Tomcat is unable to start.
org.apache.catalina.LifecycleException: Failed to stop component [StandardServer[8005]]
	at org.apache.catalina.util.LifecycleBase.stop(LifecycleBase.java:236)
	at org.apache.catalina.util.LifecycleBase.start(LifecycleBase.java:141)
	at org.apache.catalina.startup.Catalina.start(Catalina.java:690)
	at sun.reflect.NativeMethodAccessorImpl.invoke0(Native Method)
	at sun.reflect.NativeMethodAccessorImpl.invoke(NativeMethodAccessorImpl.java:57)
	at sun.reflect.DelegatingMethodAccessorImpl.invoke(DelegatingMethodAccessorImpl.java:43)
	at java.lang.reflect.Method.invoke(Method.java:601)
	at org.apache.catalina.startup.Bootstrap.start(Bootstrap.java:322)
	at org.apache.catalina.startup.Bootstrap.main(Bootstrap.java:456)
Caused by: org.apache.catalina.LifecycleException: Failed to stop component [StandardService[Sip-Servlets]]
	at org.apache.catalina.util.LifecycleBase.stop(LifecycleBase.java:236)
	at org.apache.catalina.core.StandardServer.stopInternal(StandardServer.java:753)
	at org.apache.catalina.util.LifecycleBase.stop(LifecycleBase.java:232)
	... 8 more
Caused by: org.apache.catalina.LifecycleException: An invalid Lifecycle transition was attempted ([before_stop]) for component [StandardEngine[Sip-Servlets]] in state [INITIALIZED]
	at org.apache.catalina.util.LifecycleBase.invalidTransition(LifecycleBase.java:409)
	at org.apache.catalina.util.LifecycleBase.stop(LifecycleBase.java:219)
	at org.apache.catalina.core.StandardService.stopInternal(StandardService.java:502)
	at org.mobicents.servlet.sip.catalina.SipStandardService.stopInternal(SipStandardService.java:581)
	at org.apache.catalina.util.LifecycleBase.stop(LifecycleBase.java:232)
	... 10 more

Mar 16, 2017 11:02:55 AM org.apache.coyote.AbstractProtocol pause
INFO: Pausing ProtocolHandler ["http-bio-443"]
Mar 16, 2017 11:02:55 AM org.apache.coyote.AbstractProtocol pause
INFO: Pausing ProtocolHandler ["http-bio-8443"]
Mar 16, 2017 11:02:55 AM org.apache.coyote.AbstractProtocol pause
INFO: Pausing ProtocolHandler ["ajp-bio-8009"]
Mar 16, 2017 11:02:55 AM org.apache.catalina.core.StandardService stopInternal
INFO: Stopping service Sip-Servlets
Mar 16, 2017 11:02:55 AM org.apache.catalina.util.LifecycleBase destroy
WARNING: Calling stop() on failed component [StandardServer[8005]] to trigger clean-up did not complete.
org.apache.catalina.LifecycleException: Failed to stop component [StandardServer[8005]]
	at org.apache.catalina.util.LifecycleBase.stop(LifecycleBase.java:236)
	at org.apache.catalina.util.LifecycleBase.destroy(LifecycleBase.java:272)
	at org.apache.catalina.startup.Catalina.start(Catalina.java:694)
	at sun.reflect.NativeMethodAccessorImpl.invoke0(Native Method)
	at sun.reflect.NativeMethodAccessorImpl.invoke(NativeMethodAccessorImpl.java:57)
	at sun.reflect.DelegatingMethodAccessorImpl.invoke(DelegatingMethodAccessorImpl.java:43)
	at java.lang.reflect.Method.invoke(Method.java:601)
	at org.apache.catalina.startup.Bootstrap.start(Bootstrap.java:322)
	at org.apache.catalina.startup.Bootstrap.main(Bootstrap.java:456)
Caused by: org.apache.catalina.LifecycleException: Failed to stop component [StandardService[Sip-Servlets]]
	at org.apache.catalina.util.LifecycleBase.stop(LifecycleBase.java:236)
	at org.apache.catalina.core.StandardServer.stopInternal(StandardServer.java:753)
	at org.apache.catalina.util.LifecycleBase.stop(LifecycleBase.java:232)
	... 8 more
Caused by: org.apache.catalina.LifecycleException: An invalid Lifecycle transition was attempted ([before_stop]) for component [StandardEngine[Sip-Servlets]] in state [INITIALIZED]
	at org.apache.catalina.util.LifecycleBase.invalidTransition(LifecycleBase.java:409)
	at org.apache.catalina.util.LifecycleBase.stop(LifecycleBase.java:219)
	at org.apache.catalina.core.StandardService.stopInternal(StandardService.java:502)
	at org.mobicents.servlet.sip.catalina.SipStandardService.stopInternal(SipStandardService.java:581)
	at org.apache.catalina.util.LifecycleBase.stop(LifecycleBase.java:232)
	... 10 more

Mar 16, 2017 11:02:55 AM org.apache.coyote.AbstractProtocol pause
INFO: Pausing ProtocolHandler ["http-bio-443"]
Mar 16, 2017 11:02:55 AM org.apache.coyote.AbstractProtocol pause
INFO: Pausing ProtocolHandler ["http-bio-8443"]
Mar 16, 2017 11:02:55 AM org.apache.coyote.AbstractProtocol pause
INFO: Pausing ProtocolHandler ["ajp-bio-8009"]
Mar 16, 2017 11:02:55 AM org.apache.catalina.core.StandardService stopInternal
INFO: Stopping service Sip-Servlets
Mar 16, 2017 11:02:55 AM org.apache.catalina.util.LifecycleBase destroy
WARNING: Calling stop() on failed component [StandardService[Sip-Servlets]] to trigger clean-up did not complete.
org.apache.catalina.LifecycleException: Failed to stop component [StandardService[Sip-Servlets]]
	at org.apache.catalina.util.LifecycleBase.stop(LifecycleBase.java:236)
	at org.apache.catalina.util.LifecycleBase.destroy(LifecycleBase.java:272)
	at org.apache.catalina.core.StandardServer.destroyInternal(StandardServer.java:822)
	at org.apache.catalina.util.LifecycleBase.destroy(LifecycleBase.java:305)
	at org.apache.catalina.startup.Catalina.start(Catalina.java:694)
	at sun.reflect.NativeMethodAccessorImpl.invoke0(Native Method)
	at sun.reflect.NativeMethodAccessorImpl.invoke(NativeMethodAccessorImpl.java:57)
	at sun.reflect.DelegatingMethodAccessorImpl.invoke(DelegatingMethodAccessorImpl.java:43)
	at java.lang.reflect.Method.invoke(Method.java:601)
	at org.apache.catalina.startup.Bootstrap.start(Bootstrap.java:322)
	at org.apache.catalina.startup.Bootstrap.main(Bootstrap.java:456)
Caused by: org.apache.catalina.LifecycleException: An invalid Lifecycle transition was attempted ([before_stop]) for component [StandardEngine[Sip-Servlets]] in state [INITIALIZED]
	at org.apache.catalina.util.LifecycleBase.invalidTransition(LifecycleBase.java:409)
	at org.apache.catalina.util.LifecycleBase.stop(LifecycleBase.java:219)
	at org.apache.catalina.core.StandardService.stopInternal(StandardService.java:502)
	at org.mobicents.servlet.sip.catalina.SipStandardService.stopInternal(SipStandardService.java:581)
	at org.apache.catalina.util.LifecycleBase.stop(LifecycleBase.java:232)
	... 10 more

Mar 16, 2017 11:02:55 AM org.apache.coyote.AbstractProtocol destroy
INFO: Destroying ProtocolHandler ["http-bio-443"]
Mar 16, 2017 11:02:55 AM org.apache.coyote.AbstractProtocol destroy
INFO: Destroying ProtocolHandler ["http-bio-8443"]
Mar 16, 2017 11:02:55 AM org.apache.coyote.AbstractProtocol destroy
INFO: Destroying ProtocolHandler ["ajp-bio-8009"]
Mar 16, 2017 11:04:35 AM org.apache.catalina.startup.Catalina initDirs
SEVERE: Cannot find specified temporary folder at D:\SM_Microservices\Docker\swifttomcat1\swifttomcat\mss-3.0.564-apache-tomcat-7.0.50\temp
Mar 16, 2017 11:04:36 AM org.apache.catalina.core.AprLifecycleListener init
INFO: The APR based Apache Tomcat Native library which allows optimal performance in production environments was not found on the java.library.path: C:\Program Files (x86)\Java\jdk1.7.0_21\bin;C:\Windows\Sun\Java\bin;C:\Windows\system32;C:\Windows;C:\Program Files (x86)\Intel\iCLS Client\;C:\Program Files\Intel\iCLS Client\;C:\ProgramData\Oracle\Java\javapath;C:\Windows\system32;C:\Windows;C:\Windows\System32\Wbem;C:\Windows\System32\WindowsPowerShell\v1.0\;C:\Program Files\Intel\WiFi\bin\;C:\Program Files\Common Files\Intel\WirelessCommon\;C:\Program Files\Intel\Intel(R) Management Engine Components\DAL;C:\Program Files (x86)\Intel\Intel(R) Management Engine Components\DAL;C:\Program Files\Intel\Intel(R) Management Engine Components\IPT;C:\Program Files (x86)\Intel\Intel(R) Management Engine Components\IPT;C:\Program Files\nodejs\;.;C:\Python27\Tools\Scripts;.;D:\WebRTC-Deployment\nginx-1.4.3;.;C:\Python27;.;C:\Program Files (x86)\Skype\Phone\;C:\Program Files\TortoiseSVN\bin;C:\Program Files\WIDCOMM\Bluetooth Software\;C:\Program Files\WIDCOMM\Bluetooth Software\syswow64;C:\OpenSSL-Win32\bin;C:\Program Files\Git\cmd;C:\Users\gireesh_sk\AppData\Roaming\npm;C:\Program Files (x86)\Java\jdk1.7.0_21\bin;;C:\Program Files (x86)\Microsoft VS Code\bin;C:\Pro;C:\Users\gireesh_sk\AppData\Roaming\npm;C:\Program Files (x86)\Java\jdk1.7.0_21\bin;;C:\Program Files (x86)\Microsoft VS Code\bin;C:\Program Files\Docker Toolbox;.
Mar 16, 2017 11:04:36 AM org.apache.coyote.AbstractProtocol init
INFO: Initializing ProtocolHandler ["http-bio-443"]
Mar 16, 2017 11:04:36 AM org.apache.coyote.AbstractProtocol init
INFO: Initializing ProtocolHandler ["http-bio-8443"]
Mar 16, 2017 11:04:36 AM org.apache.coyote.AbstractProtocol init
INFO: Initializing ProtocolHandler ["ajp-bio-8009"]
Mar 16, 2017 11:04:36 AM org.apache.catalina.startup.Catalina load
SEVERE: Catalina.start
org.apache.catalina.LifecycleException: Failed to initialize component [StandardServer[8005]]
	at org.apache.catalina.util.LifecycleBase.init(LifecycleBase.java:106)
	at org.apache.catalina.startup.Catalina.load(Catalina.java:639)
	at org.apache.catalina.startup.Catalina.load(Catalina.java:664)
	at sun.reflect.NativeMethodAccessorImpl.invoke0(Native Method)
	at sun.reflect.NativeMethodAccessorImpl.invoke(NativeMethodAccessorImpl.java:57)
	at sun.reflect.DelegatingMethodAccessorImpl.invoke(DelegatingMethodAccessorImpl.java:43)
	at java.lang.reflect.Method.invoke(Method.java:601)
	at org.apache.catalina.startup.Bootstrap.load(Bootstrap.java:281)
	at org.apache.catalina.startup.Bootstrap.main(Bootstrap.java:455)
Caused by: org.apache.catalina.LifecycleException: Failed to initialize component [StandardService[Sip-Servlets]]
	at org.apache.catalina.util.LifecycleBase.init(LifecycleBase.java:106)
	at org.apache.catalina.core.StandardServer.initInternal(StandardServer.java:814)
	at org.apache.catalina.util.LifecycleBase.init(LifecycleBase.java:102)
	... 8 more
Caused by: org.apache.catalina.LifecycleException: A problem occured while initializing the SIP Stack
	at org.mobicents.servlet.sip.catalina.SipStandardService.initSipStack(SipStandardService.java:574)
	at org.mobicents.servlet.sip.catalina.SipStandardService.initInternal(SipStandardService.java:265)
	at org.apache.catalina.util.LifecycleBase.init(LifecycleBase.java:102)
	... 10 more
Caused by: javax.sip.PeerUnavailableException: The Peer SIP Stack: org.mobicents.ha.balancing.only.javax.sip.SipStackImpl could not be instantiated. Ensure the Path Name has been set.
	at javax.sip.SipFactory.createStack(SipFactory.java:324)
	at javax.sip.SipFactory.createSipStack(SipFactory.java:152)
	at org.mobicents.servlet.sip.catalina.SipStandardService.initSipStack(SipStandardService.java:528)
	... 12 more
Caused by: java.lang.reflect.InvocationTargetException
	at sun.reflect.NativeConstructorAccessorImpl.newInstance0(Native Method)
	at sun.reflect.NativeConstructorAccessorImpl.newInstance(NativeConstructorAccessorImpl.java:57)
	at sun.reflect.DelegatingConstructorAccessorImpl.newInstance(DelegatingConstructorAccessorImpl.java:45)
	at java.lang.reflect.Constructor.newInstance(Constructor.java:525)
	at javax.sip.SipFactory.createStack(SipFactory.java:314)
	... 14 more
Caused by: javax.sip.PeerUnavailableException: Cannot initialize security manager provider
	at gov.nist.javax.sip.SipStackImpl.<init>(SipStackImpl.java:1168)
	at org.mobicents.ext.javax.sip.SipStackImpl.<init>(SipStackImpl.java:59)
	at org.mobicents.ha.javax.sip.ClusteredSipStackImpl.<init>(ClusteredSipStackImpl.java:81)
	at org.mobicents.ha.balancing.only.javax.sip.SipStackImpl.<init>(SipStackImpl.java:52)
	... 19 more
Caused by: java.io.FileNotFoundException: conf\mycert.p12 (The system cannot find the path specified)
	at java.io.FileInputStream.open(Native Method)
	at java.io.FileInputStream.<init>(FileInputStream.java:138)
	at gov.nist.core.net.DefaultSecurityManagerProvider.init(DefaultSecurityManagerProvider.java:88)
	at gov.nist.javax.sip.SipStackImpl.<init>(SipStackImpl.java:1164)
	... 22 more

Mar 16, 2017 11:04:36 AM org.apache.catalina.startup.Catalina load
INFO: Initialization processed in 661 ms
Mar 16, 2017 11:04:36 AM org.apache.coyote.AbstractProtocol pause
INFO: Pausing ProtocolHandler ["http-bio-443"]
Mar 16, 2017 11:04:36 AM org.apache.coyote.AbstractProtocol pause
INFO: Pausing ProtocolHandler ["http-bio-8443"]
Mar 16, 2017 11:04:36 AM org.apache.coyote.AbstractProtocol pause
INFO: Pausing ProtocolHandler ["ajp-bio-8009"]
Mar 16, 2017 11:04:36 AM org.apache.catalina.core.StandardService stopInternal
INFO: Stopping service Sip-Servlets
Mar 16, 2017 11:04:36 AM org.apache.catalina.startup.Catalina start
SEVERE: The required Server component failed to start so Tomcat is unable to start.
org.apache.catalina.LifecycleException: Failed to stop component [StandardServer[8005]]
	at org.apache.catalina.util.LifecycleBase.stop(LifecycleBase.java:236)
	at org.apache.catalina.util.LifecycleBase.start(LifecycleBase.java:141)
	at org.apache.catalina.startup.Catalina.start(Catalina.java:690)
	at sun.reflect.NativeMethodAccessorImpl.invoke0(Native Method)
	at sun.reflect.NativeMethodAccessorImpl.invoke(NativeMethodAccessorImpl.java:57)
	at sun.reflect.DelegatingMethodAccessorImpl.invoke(DelegatingMethodAccessorImpl.java:43)
	at java.lang.reflect.Method.invoke(Method.java:601)
	at org.apache.catalina.startup.Bootstrap.start(Bootstrap.java:322)
	at org.apache.catalina.startup.Bootstrap.main(Bootstrap.java:456)
Caused by: org.apache.catalina.LifecycleException: Failed to stop component [StandardService[Sip-Servlets]]
	at org.apache.catalina.util.LifecycleBase.stop(LifecycleBase.java:236)
	at org.apache.catalina.core.StandardServer.stopInternal(StandardServer.java:753)
	at org.apache.catalina.util.LifecycleBase.stop(LifecycleBase.java:232)
	... 8 more
Caused by: org.apache.catalina.LifecycleException: An invalid Lifecycle transition was attempted ([before_stop]) for component [StandardEngine[Sip-Servlets]] in state [INITIALIZED]
	at org.apache.catalina.util.LifecycleBase.invalidTransition(LifecycleBase.java:409)
	at org.apache.catalina.util.LifecycleBase.stop(LifecycleBase.java:219)
	at org.apache.catalina.core.StandardService.stopInternal(StandardService.java:502)
	at org.mobicents.servlet.sip.catalina.SipStandardService.stopInternal(SipStandardService.java:581)
	at org.apache.catalina.util.LifecycleBase.stop(LifecycleBase.java:232)
	... 10 more

Mar 16, 2017 11:04:36 AM org.apache.coyote.AbstractProtocol pause
INFO: Pausing ProtocolHandler ["http-bio-443"]
Mar 16, 2017 11:04:36 AM org.apache.coyote.AbstractProtocol pause
INFO: Pausing ProtocolHandler ["http-bio-8443"]
Mar 16, 2017 11:04:36 AM org.apache.coyote.AbstractProtocol pause
INFO: Pausing ProtocolHandler ["ajp-bio-8009"]
Mar 16, 2017 11:04:36 AM org.apache.catalina.core.StandardService stopInternal
INFO: Stopping service Sip-Servlets
Mar 16, 2017 11:04:36 AM org.apache.catalina.util.LifecycleBase destroy
WARNING: Calling stop() on failed component [StandardServer[8005]] to trigger clean-up did not complete.
org.apache.catalina.LifecycleException: Failed to stop component [StandardServer[8005]]
	at org.apache.catalina.util.LifecycleBase.stop(LifecycleBase.java:236)
	at org.apache.catalina.util.LifecycleBase.destroy(LifecycleBase.java:272)
	at org.apache.catalina.startup.Catalina.start(Catalina.java:694)
	at sun.reflect.NativeMethodAccessorImpl.invoke0(Native Method)
	at sun.reflect.NativeMethodAccessorImpl.invoke(NativeMethodAccessorImpl.java:57)
	at sun.reflect.DelegatingMethodAccessorImpl.invoke(DelegatingMethodAccessorImpl.java:43)
	at java.lang.reflect.Method.invoke(Method.java:601)
	at org.apache.catalina.startup.Bootstrap.start(Bootstrap.java:322)
	at org.apache.catalina.startup.Bootstrap.main(Bootstrap.java:456)
Caused by: org.apache.catalina.LifecycleException: Failed to stop component [StandardService[Sip-Servlets]]
	at org.apache.catalina.util.LifecycleBase.stop(LifecycleBase.java:236)
	at org.apache.catalina.core.StandardServer.stopInternal(StandardServer.java:753)
	at org.apache.catalina.util.LifecycleBase.stop(LifecycleBase.java:232)
	... 8 more
Caused by: org.apache.catalina.LifecycleException: An invalid Lifecycle transition was attempted ([before_stop]) for component [StandardEngine[Sip-Servlets]] in state [INITIALIZED]
	at org.apache.catalina.util.LifecycleBase.invalidTransition(LifecycleBase.java:409)
	at org.apache.catalina.util.LifecycleBase.stop(LifecycleBase.java:219)
	at org.apache.catalina.core.StandardService.stopInternal(StandardService.java:502)
	at org.mobicents.servlet.sip.catalina.SipStandardService.stopInternal(SipStandardService.java:581)
	at org.apache.catalina.util.LifecycleBase.stop(LifecycleBase.java:232)
	... 10 more

Mar 16, 2017 11:04:36 AM org.apache.coyote.AbstractProtocol pause
INFO: Pausing ProtocolHandler ["http-bio-443"]
Mar 16, 2017 11:04:36 AM org.apache.coyote.AbstractProtocol pause
INFO: Pausing ProtocolHandler ["http-bio-8443"]
Mar 16, 2017 11:04:36 AM org.apache.coyote.AbstractProtocol pause
INFO: Pausing ProtocolHandler ["ajp-bio-8009"]
Mar 16, 2017 11:04:36 AM org.apache.catalina.core.StandardService stopInternal
INFO: Stopping service Sip-Servlets
Mar 16, 2017 11:04:36 AM org.apache.catalina.util.LifecycleBase destroy
WARNING: Calling stop() on failed component [StandardService[Sip-Servlets]] to trigger clean-up did not complete.
org.apache.catalina.LifecycleException: Failed to stop component [StandardService[Sip-Servlets]]
	at org.apache.catalina.util.LifecycleBase.stop(LifecycleBase.java:236)
	at org.apache.catalina.util.LifecycleBase.destroy(LifecycleBase.java:272)
	at org.apache.catalina.core.StandardServer.destroyInternal(StandardServer.java:822)
	at org.apache.catalina.util.LifecycleBase.destroy(LifecycleBase.java:305)
	at org.apache.catalina.startup.Catalina.start(Catalina.java:694)
	at sun.reflect.NativeMethodAccessorImpl.invoke0(Native Method)
	at sun.reflect.NativeMethodAccessorImpl.invoke(NativeMethodAccessorImpl.java:57)
	at sun.reflect.DelegatingMethodAccessorImpl.invoke(DelegatingMethodAccessorImpl.java:43)
	at java.lang.reflect.Method.invoke(Method.java:601)
	at org.apache.catalina.startup.Bootstrap.start(Bootstrap.java:322)
	at org.apache.catalina.startup.Bootstrap.main(Bootstrap.java:456)
Caused by: org.apache.catalina.LifecycleException: An invalid Lifecycle transition was attempted ([before_stop]) for component [StandardEngine[Sip-Servlets]] in state [INITIALIZED]
	at org.apache.catalina.util.LifecycleBase.invalidTransition(LifecycleBase.java:409)
	at org.apache.catalina.util.LifecycleBase.stop(LifecycleBase.java:219)
	at org.apache.catalina.core.StandardService.stopInternal(StandardService.java:502)
	at org.mobicents.servlet.sip.catalina.SipStandardService.stopInternal(SipStandardService.java:581)
	at org.apache.catalina.util.LifecycleBase.stop(LifecycleBase.java:232)
	... 10 more

Mar 16, 2017 11:04:36 AM org.apache.coyote.AbstractProtocol destroy
INFO: Destroying ProtocolHandler ["http-bio-443"]
Mar 16, 2017 11:04:36 AM org.apache.coyote.AbstractProtocol destroy
INFO: Destroying ProtocolHandler ["http-bio-8443"]
Mar 16, 2017 11:04:36 AM org.apache.coyote.AbstractProtocol destroy
INFO: Destroying ProtocolHandler ["ajp-bio-8009"]
